Using pre-set license

 COMMAND LINE ARGUMENTS:
/Applications/Unity/Hub/Editor/2020.3.16f1/Unity.app/Contents/MacOS/Unity
-adb2
-batchMode
-noUpm
-name
AssetImportWorker8
-projectPath
/Users/furutaniissei/UnityProjects/RadiconAR/ARradicon
-logFile
Logs/AssetImportWorker8.log
-srvPort
49730
Successfully changed project path to: /Users/furutaniissei/UnityProjects/RadiconAR/ARradicon
/Users/furutaniissei/UnityProjects/RadiconAR/ARradicon
Using Asset Import Pipeline V2.
Refreshing native plugins compatible for Editor in 320.76 ms, found 2 plugins.
Preloading 0 native plugins for Editor in 0.00 ms.
Initialize engine version: 2020.3.16f1 (049d6eca3c44)
[Subsystems] Discovering subsystems at path /Applications/Unity/Hub/Editor/2020.3.16f1/Unity.app/Contents/Resources/UnitySubsystems
[Subsystems] Discovering subsystems at path /Users/furutaniissei/UnityProjects/RadiconAR/ARradicon/Assets
GfxDevice: creating device client; threaded=0
2022-02-08 21:49:24.547 Unity[75969:4850963] Color LCD preferred device: Intel(R) UHD Graphics 617 (low power)
2022-02-08 21:49:24.548 Unity[75969:4850963] Metal devices available: 1
2022-02-08 21:49:24.548 Unity[75969:4850963] 0: Intel(R) UHD Graphics 617 (low power)
2022-02-08 21:49:24.558 Unity[75969:4850963] Using device Intel(R) UHD Graphics 617 (low power)
Initializing Metal device caps: Intel(R) UHD Graphics 617
Initialize mono
Mono path[0] = '/Applications/Unity/Hub/Editor/2020.3.16f1/Unity.app/Contents/Managed'
Mono path[1] = '/Applications/Unity/Hub/Editor/2020.3.16f1/Unity.app/Contents/MonoBleedingEdge/lib/mono/unityjit'
Mono config path = '/Applications/Unity/Hub/Editor/2020.3.16f1/Unity.app/Contents/MonoBleedingEdge/etc'
Using monoOptions --debugger-agent=transport=dt_socket,embedding=1,server=y,suspend=n,address=127.0.0.1:56969
Begin MonoManager ReloadAssembly
Registering precompiled unity dll's ...
Register platform support module: /Applications/Unity/Hub/Editor/2020.3.16f1/Unity.app/Contents/PlaybackEngines/MacStandaloneSupport/UnityEditor.OSXStandalone.Extensions.dll
Registered in 0.002520 seconds.
Native extension for OSXStandalone target not found
Refreshing native plugins compatible for Editor in 304.76 ms, found 2 plugins.
Preloading 0 native plugins for Editor in 0.00 ms.
Mono: successfully reloaded assembly
- Completed reload, in 15.315 seconds
Domain Reload Profiling:
	ReloadAssembly (15317ms)
		BeginReloadAssembly (275ms)
			ExecutionOrderSort (0ms)
			DisableScriptedObjects (0ms)
			BackupInstance (0ms)
			ReleaseScriptingObjects (0ms)
			CreateAndSetChildDomain (3ms)
		EndReloadAssembly (3714ms)
			LoadAssemblies (275ms)
			RebuildTransferFunctionScriptingTraits (0ms)
			SetupTypeCache (1487ms)
			ReleaseScriptCaches (0ms)
			RebuildScriptCaches (314ms)
			SetupLoadedEditorAssemblies (1532ms)
				LogAssemblyErrors (0ms)
				InitializePlatformSupportModulesInManaged (27ms)
				SetLoadedEditorAssemblies (1ms)
				RefreshPlugins (305ms)
				BeforeProcessingInitializeOnLoad (189ms)
				ProcessInitializeOnLoadAttributes (814ms)
				ProcessInitializeOnLoadMethodAttributes (192ms)
				AfterProcessingInitializeOnLoad (0ms)
				EditorAssembliesLoaded (3ms)
			ExecutionOrderSort2 (0ms)
			AwakeInstancesAfterBackupRestoration (0ms)
Platform modules already initialized, skipping
Registering precompiled user dll's ...
Registered in 0.012789 seconds.
Begin MonoManager ReloadAssembly
